[06-15 17:56:12.562][main] INFO  com.absurd.rick.SpringBootMybatisWithRedisApplication[logStarting] - Starting SpringBootMybatisWithRedisApplication on wangwenweideMacBook-Pro.local with PID 13526 (/Users/wangwenwei/IdeaProjects/Rick/target/classes started by wangwenwei in /Users/wangwenwei/IdeaProjects/Rick)
[06-15 17:56:12.567][main] INFO  com.absurd.rick.SpringBootMybatisWithRedisApplication[logStartupProfileInfo] - No active profile set, falling back to default profiles: default
[06-15 17:56:12.662][main] INFO  org.springframework.boot.context.embedded.AnnotationConfigEmbeddedWebApplicationContext[prepareRefresh] - Refreshing org.springframework.boot.context.embedded.AnnotationConfigEmbeddedWebApplicationContext@43c1b556: startup date [Thu Jun 15 17:56:12 CST 2017]; root of context hierarchy
[06-15 17:56:13.473][background-preinit] INFO  org.hibernate.validator.internal.util.Version[<clinit>] - HV000001: Hibernate Validator 5.3.5.Final
[06-15 17:56:15.406][main] INFO  org.springframework.data.repository.config.RepositoryConfigurationDelegate[multipleStoresDetected] - Multiple Spring Data modules found, entering strict repository configuration mode!
[06-15 17:56:15.553][main] INFO  org.springframework.beans.factory.support.DefaultListableBeanFactory[registerBeanDefinition] - Overriding bean definition for bean 'characterEncodingFilter' with a different definition: replacing [Root bean: class [null]; scope=; abstract=false; lazyInit=false; autowireMode=3; dependencyCheck=0; autowireCandidate=true; primary=false; factoryBeanName=webMvcConfiguration; factoryMethodName=characterEncodingFilter; initMethodName=null; destroyMethodName=(inferred); defined in class path resource [com/absurd/rick/config/WebMvcConfiguration.class]] with [Root bean: class [null]; scope=; abstract=false; lazyInit=false; autowireMode=3; dependencyCheck=0; autowireCandidate=true; primary=false; factoryBeanName=org.springframework.boot.autoconfigure.web.HttpEncodingAutoConfiguration; factoryMethodName=characterEncodingFilter; initMethodName=null; destroyMethodName=(inferred); defined in class path resource [org/springframework/boot/autoconfigure/web/HttpEncodingAutoConfiguration.class]]
[06-15 17:56:16.430][main] INFO  org.springframework.context.support.PostProcessorRegistrationDelegate$BeanPostProcessorChecker[postProcessAfterInitialization] - Bean 'org.springframework.transaction.annotation.ProxyTransactionManagementConfiguration' of type [org.springframework.transaction.annotation.ProxyTransactionManagementConfiguration$$EnhancerBySpringCGLIB$$88c685e0] is not eligible for getting processed by all BeanPostProcessors (for example: not eligible for auto-proxying)
[06-15 17:56:16.903][main] INFO  org.springframework.context.support.PostProcessorRegistrationDelegate$BeanPostProcessorChecker[postProcessAfterInitialization] - Bean 'org.springframework.security.config.annotation.configuration.ObjectPostProcessorConfiguration' of type [org.springframework.security.config.annotation.configuration.ObjectPostProcessorConfiguration$$EnhancerBySpringCGLIB$$21744e1a] is not eligible for getting processed by all BeanPostProcessors (for example: not eligible for auto-proxying)
[06-15 17:56:16.938][main] INFO  org.springframework.context.support.PostProcessorRegistrationDelegate$BeanPostProcessorChecker[postProcessAfterInitialization] - Bean 'objectPostProcessor' of type [org.springframework.security.config.annotation.configuration.AutowireBeanFactoryObjectPostProcessor] is not eligible for getting processed by all BeanPostProcessors (for example: not eligible for auto-proxying)
[06-15 17:56:16.943][main] INFO  org.springframework.context.support.PostProcessorRegistrationDelegate$BeanPostProcessorChecker[postProcessAfterInitialization] - Bean 'org.springframework.security.access.expression.method.DefaultMethodSecurityExpressionHandler@37b57b54' of type [org.springframework.security.access.expression.method.DefaultMethodSecurityExpressionHandler] is not eligible for getting processed by all BeanPostProcessors (for example: not eligible for auto-proxying)
[06-15 17:56:16.958][main] INFO  org.springframework.context.support.PostProcessorRegistrationDelegate$BeanPostProcessorChecker[postProcessAfterInitialization] - Bean 'org.springframework.security.config.annotation.method.configuration.GlobalMethodSecurityConfiguration' of type [org.springframework.security.config.annotation.method.configuration.GlobalMethodSecurityConfiguration$$EnhancerBySpringCGLIB$$4648f0cc] is not eligible for getting processed by all BeanPostProcessors (for example: not eligible for auto-proxying)
[06-15 17:56:17.018][main] INFO  org.springframework.context.support.PostProcessorRegistrationDelegate$BeanPostProcessorChecker[postProcessAfterInitialization] - Bean 'methodSecurityMetadataSource' of type [org.springframework.security.access.method.DelegatingMethodSecurityMetadataSource] is not eligible for getting processed by all BeanPostProcessors (for example: not eligible for auto-proxying)
[06-15 17:56:17.925][main] INFO  org.springframework.boot.context.embedded.tomcat.TomcatEmbeddedServletContainer[initialize] - Tomcat initialized with port(s): 8080 (http)
[06-15 17:56:17.965][main] INFO  org.apache.catalina.core.StandardService[log] - Starting service Tomcat
[06-15 17:56:17.967][main] INFO  org.apache.catalina.core.StandardEngine[log] - Starting Servlet Engine: Apache Tomcat/8.5.14
[06-15 17:56:18.225][localhost-startStop-1] INFO  org.apache.catalina.core.ContainerBase.[Tomcat].[localhost].[/][log] - Initializing Spring embedded WebApplicationContext
[06-15 17:56:18.226][localhost-startStop-1] INFO  org.springframework.web.context.ContextLoader[prepareEmbeddedWebApplicationContext] - Root WebApplicationContext: initialization completed in 5564 ms
[06-15 17:56:21.881][localhost-startStop-1] INFO  org.springframework.boot.web.servlet.FilterRegistrationBean[configure] - Mapping filter: 'characterEncodingFilter' to: [/*]
[06-15 17:56:21.884][localhost-startStop-1] INFO  org.springframework.boot.web.servlet.DelegatingFilterProxyRegistrationBean[configure] - Mapping filter: 'springSecurityFilterChain' to: [/*]
[06-15 17:56:21.885][localhost-startStop-1] INFO  org.springframework.boot.web.servlet.FilterRegistrationBean[configure] - Mapping filter: 'webStatFilter' to urls: [/*]
[06-15 17:56:21.885][localhost-startStop-1] INFO  org.springframework.boot.web.servlet.FilterRegistrationBean[configure] - Mapping filter: 'authenticationTokenFilterBean' to: [/*]
[06-15 17:56:21.886][localhost-startStop-1] INFO  org.springframework.boot.web.servlet.ServletRegistrationBean[onStartup] - Mapping servlet: 'statViewServlet' to [/druid/*]
[06-15 17:56:21.888][localhost-startStop-1] INFO  org.springframework.boot.web.servlet.ServletRegistrationBean[onStartup] - Mapping servlet: 'dispatcherServlet' to [/]
[06-15 17:56:23.987][main] INFO  org.springframework.web.servlet.mvc.method.annotation.RequestMappingHandlerMapping[register] - Mapped "{[/auth/register],methods=[POST]}" onto public com.absurd.rick.model.User com.absurd.rick.controller.AuthController.register(com.absurd.rick.param.UserRegisterParam) throws org.springframework.security.core.AuthenticationException
[06-15 17:56:23.989][main] INFO  org.springframework.web.servlet.mvc.method.annotation.RequestMappingHandlerMapping[register] - Mapped "{[/auth],methods=[POST]}" onto public org.springframework.http.ResponseEntity<?> com.absurd.rick.controller.AuthController.createAuthenticationToken(com.absurd.rick.param.UserAuthParam) throws org.springframework.security.core.AuthenticationException
[06-15 17:56:23.990][main] INFO  org.springframework.web.servlet.mvc.method.annotation.RequestMappingHandlerMapping[register] - Mapped "{[/refresh],methods=[GET]}" onto public org.springframework.http.ResponseEntity<?> com.absurd.rick.controller.AuthController.refreshAndGetAuthenticationToken(javax.servlet.http.HttpServletRequest) throws org.springframework.security.core.AuthenticationException
[06-15 17:56:24.011][main] INFO  org.springframework.web.servlet.mvc.method.annotation.RequestMappingHandlerMapping[register] - Mapped "{[/car/{id}],methods=[GET]}" onto public com.absurd.rick.model.Car com.absurd.rick.controller.CarController.getCarInfo(java.lang.String)
[06-15 17:56:24.012][main] INFO  org.springframework.web.servlet.mvc.method.annotation.RequestMappingHandlerMapping[register] - Mapped "{[/car/{id}],methods=[PUT]}" onto public com.absurd.rick.model.Car com.absurd.rick.controller.CarController.updateCarInfo(java.lang.String,com.absurd.rick.model.Car)
[06-15 17:56:24.014][main] INFO  org.springframework.web.servlet.mvc.method.annotation.RequestMappingHandlerMapping[register] - Mapped "{[/car],methods=[POST]}" onto public com.absurd.rick.model.Car com.absurd.rick.controller.CarController.saveCarInfo(com.absurd.rick.model.Car)
[06-15 17:56:24.021][main] INFO  org.springframework.web.servlet.mvc.method.annotation.RequestMappingHandlerMapping[register] - Mapped "{[/v2/api-docs],methods=[GET]}" onto public org.springframework.http.ResponseEntity<springfox.documentation.spring.web.json.Json> springfox.documentation.swagger2.web.Swagger2Controller.getDocumentation(java.lang.String)
[06-15 17:56:24.025][main] INFO  org.springframework.web.servlet.mvc.method.annotation.RequestMappingHandlerMapping[register] - Mapped "{[/configuration/security]}" onto org.springframework.http.ResponseEntity<springfox.documentation.swagger.web.SecurityConfiguration> springfox.documentation.swagger.web.ApiResourceController.securityConfiguration()
[06-15 17:56:24.028][main] INFO  org.springframework.web.servlet.mvc.method.annotation.RequestMappingHandlerMapping[register] - Mapped "{[/configuration/ui]}" onto org.springframework.http.ResponseEntity<springfox.documentation.swagger.web.UiConfiguration> springfox.documentation.swagger.web.ApiResourceController.uiConfiguration()
[06-15 17:56:24.031][main] INFO  org.springframework.web.servlet.mvc.method.annotation.RequestMappingHandlerMapping[register] - Mapped "{[/swagger-resources]}" onto org.springframework.http.ResponseEntity<java.util.List<springfox.documentation.swagger.web.SwaggerResource>> springfox.documentation.swagger.web.ApiResourceController.swaggerResources()
[06-15 17:56:24.041][main] INFO  org.springframework.web.servlet.mvc.method.annotation.RequestMappingHandlerMapping[register] - Mapped "{[/error]}" onto public org.springframework.http.ResponseEntity<java.util.Map<java.lang.String, java.lang.Object>> org.springframework.boot.autoconfigure.web.BasicErrorController.error(javax.servlet.http.HttpServletRequest)
[06-15 17:56:24.042][main] INFO  org.springframework.web.servlet.mvc.method.annotation.RequestMappingHandlerMapping[register] - Mapped "{[/error],produces=[text/html]}" onto public org.springframework.web.servlet.ModelAndView org.springframework.boot.autoconfigure.web.BasicErrorController.errorHtml(javax.servlet.http.HttpServletRequest,javax.servlet.http.HttpServletResponse)
[06-15 17:56:24.576][main] INFO  org.springframework.web.servlet.handler.SimpleUrlHandlerMapping[registerHandler] - Mapped URL path [/**] onto handler of type [class org.springframework.web.servlet.resource.DefaultServletHttpRequestHandler]
[06-15 17:56:25.429][main] INFO  org.springframework.web.servlet.mvc.method.annotation.RequestMappingHandlerAdapter[initControllerAdviceCache] - Looking for @ControllerAdvice: org.springframework.boot.context.embedded.AnnotationConfigEmbeddedWebApplicationContext@43c1b556: startup date [Thu Jun 15 17:56:12 CST 2017]; root of context hierarchy
[06-15 17:56:25.438][main] INFO  org.springframework.web.servlet.mvc.method.annotation.RequestMappingHandlerAdapter[initControllerAdviceCache] - Detected ResponseBodyAdvice bean in jsonpAdvice
[06-15 17:56:25.605][main] INFO  org.springframework.web.servlet.mvc.method.annotation.ExceptionHandlerExceptionResolver[initExceptionHandlerAdviceCache] - Detected ResponseBodyAdvice implementation in jsonpAdvice
[06-15 17:56:26.015][main] INFO  org.springframework.security.web.DefaultSecurityFilterChain[<init>] - Creating filter chain: org.springframework.security.web.util.matcher.AnyRequestMatcher@1, [org.springframework.security.web.context.request.async.WebAsyncManagerIntegrationFilter@26bb92e2, org.springframework.security.web.context.SecurityContextPersistenceFilter@58164e9a, org.springframework.security.web.header.HeaderWriterFilter@7f5ce33e, org.springframework.security.web.authentication.logout.LogoutFilter@10e56da9, com.absurd.rick.filter.JwtAuthenticationTokenFilter@33504930, org.springframework.security.web.savedrequest.RequestCacheAwareFilter@7404ddca, org.springframework.security.web.servletapi.SecurityContextHolderAwareRequestFilter@629b780f, org.springframework.security.web.authentication.AnonymousAuthenticationFilter@18907af2, org.springframework.security.web.session.SessionManagementFilter@66a82a13, org.springframework.security.web.access.ExceptionTranslationFilter@3a0896b3, org.springframework.security.web.access.intercept.FilterSecurityInterceptor@63485d7]
[06-15 17:56:27.473][main] INFO  org.springframework.jmx.export.annotation.AnnotationMBeanExporter[afterSingletonsInstantiated] - Registering beans for JMX exposure on startup
[06-15 17:56:27.477][main] INFO  org.springframework.jmx.export.annotation.AnnotationMBeanExporter[autodetect] - Bean with name 'druidDataSource' has been autodetected for JMX exposure
[06-15 17:56:27.491][main] INFO  org.springframework.jmx.export.annotation.AnnotationMBeanExporter[registerBeanInstance] - Located MBean 'druidDataSource': registering with JMX server as MBean [com.alibaba.druid.pool:name=druidDataSource,type=DruidDataSource]
[06-15 17:56:27.516][main] INFO  springfox.documentation.spring.web.plugins.DocumentationPluginsBootstrapper[onApplicationEvent] - Context refreshed
[06-15 17:56:27.615][main] INFO  springfox.documentation.spring.web.plugins.DocumentationPluginsBootstrapper[onApplicationEvent] - Found {0} custom documentation plugin(s)
[06-15 17:56:27.637][main] INFO  springfox.documentation.spring.web.scanners.ApiListingReferenceScanner[scan] - Scanning for api listing references
[06-15 17:56:27.647][main] INFO  springfox.documentation.swagger.web.ClassOrApiAnnotationResourceGrouping[apply] - Group for method register was auth-controller
[06-15 17:56:27.670][main] INFO  springfox.documentation.spring.web.scanners.ApiListingReferenceScanner[scan] - Request mapping: register belongs to groups: [[ResourceGroup{groupName='auth-controller', position=0, controller=com.absurd.rick.controller.AuthController}]] 
[06-15 17:56:27.684][main] INFO  springfox.documentation.swagger.web.ClassOrApiAnnotationResourceGrouping[apply] - Group for method createAuthenticationToken was auth-controller
[06-15 17:56:27.687][main] INFO  springfox.documentation.spring.web.scanners.ApiListingReferenceScanner[scan] - Request mapping: createAuthenticationToken belongs to groups: [[ResourceGroup{groupName='auth-controller', position=0, controller=com.absurd.rick.controller.AuthController}]] 
[06-15 17:56:27.690][main] INFO  springfox.documentation.swagger.web.ClassOrApiAnnotationResourceGrouping[apply] - Group for method getCarInfo was car-controller
[06-15 17:56:27.691][main] INFO  springfox.documentation.spring.web.scanners.ApiListingReferenceScanner[scan] - Request mapping: getCarInfo belongs to groups: [[ResourceGroup{groupName='car-controller', position=0, controller=com.absurd.rick.controller.CarController}]] 
[06-15 17:56:27.693][main] INFO  springfox.documentation.swagger.web.ClassOrApiAnnotationResourceGrouping[apply] - Group for method updateCarInfo was car-controller
[06-15 17:56:27.694][main] INFO  springfox.documentation.spring.web.scanners.ApiListingReferenceScanner[scan] - Request mapping: updateCarInfo belongs to groups: [[ResourceGroup{groupName='car-controller', position=0, controller=com.absurd.rick.controller.CarController}]] 
[06-15 17:56:27.694][main] INFO  springfox.documentation.swagger.web.ClassOrApiAnnotationResourceGrouping[apply] - Group for method saveCarInfo was car-controller
[06-15 17:56:27.695][main] INFO  springfox.documentation.spring.web.scanners.ApiListingReferenceScanner[scan] - Request mapping: saveCarInfo belongs to groups: [[ResourceGroup{groupName='car-controller', position=0, controller=com.absurd.rick.controller.CarController}]] 
[06-15 17:56:27.695][main] INFO  springfox.documentation.swagger.web.ClassOrApiAnnotationResourceGrouping[apply] - Group for method refreshAndGetAuthenticationToken was auth-controller
[06-15 17:56:27.696][main] INFO  springfox.documentation.spring.web.scanners.ApiListingReferenceScanner[scan] - Request mapping: refreshAndGetAuthenticationToken belongs to groups: [[ResourceGroup{groupName='auth-controller', position=0, controller=com.absurd.rick.controller.AuthController}]] 
[06-15 17:56:27.704][main] INFO  springfox.documentation.spring.web.scanners.ApiListingReferenceScanner[scan] - Created resource listing Path: /default/auth-controller Description: auth-controller Position: 0
[06-15 17:56:27.706][main] INFO  springfox.documentation.spring.web.scanners.ApiListingReferenceScanner[scan] - Created resource listing Path: /default/car-controller Description: car-controller Position: 0
[06-15 17:56:27.763][main] INFO  springfox.documentation.schema.ModelContextKeyGenerator[generate] - Cache Key Generated: java.lang.Object(true)
[06-15 17:56:27.764][main] INFO  springfox.documentation.spring.web.caching.CachingAspect[modelsAndDependencies] - Caching aspect applied for cache models with key java.lang.Object(true)
[06-15 17:56:27.785][main] INFO  springfox.documentation.schema.ModelContextKeyGenerator[generate] - Cache Key Generated: java.lang.Object(true)
[06-15 17:56:27.786][main] INFO  springfox.documentation.spring.web.caching.CachingAspect[modelsAndDependencies] - Caching aspect applied for cache modelDependencies with key java.lang.Object(true)
[06-15 17:56:27.797][main] INFO  springfox.documentation.schema.ModelContextKeyGenerator[generate] - Cache Key Generated: com.absurd.rick.param.UserAuthParam(false)
[06-15 17:56:27.797][main] INFO  springfox.documentation.spring.web.caching.CachingAspect[modelsAndDependencies] - Caching aspect applied for cache models with key com.absurd.rick.param.UserAuthParam(false)
[06-15 17:56:27.799][main] INFO  springfox.documentation.schema.property.ModelPropertiesKeyGenerator[generate] - Cache key generated: com.absurd.rick.param.UserAuthParam(false)
[06-15 17:56:27.799][main] INFO  springfox.documentation.spring.web.caching.CachingAspect[operationsAndProperties] - Caching aspect applied for cache modelProperties with key com.absurd.rick.param.UserAuthParam(false)
[06-15 17:56:27.892][main] INFO  springfox.documentation.schema.ModelContextKeyGenerator[generate] - Cache Key Generated: com.absurd.rick.param.UserAuthParam(false)
[06-15 17:56:27.893][main] INFO  springfox.documentation.spring.web.caching.CachingAspect[modelsAndDependencies] - Caching aspect applied for cache modelDependencies with key com.absurd.rick.param.UserAuthParam(false)
[06-15 17:56:27.894][main] INFO  springfox.documentation.schema.property.ModelPropertiesKeyGenerator[generate] - Cache key generated: com.absurd.rick.param.UserAuthParam(false)
[06-15 17:56:27.906][main] INFO  springfox.documentation.spring.web.caching.CachingAspect[operationsAndProperties] - Caching aspect applied for cache modelProperties with key com.absurd.rick.param.UserAuthParam(false)
[06-15 17:56:27.918][main] INFO  springfox.documentation.spring.web.OperationsKeyGenerator[generate] - Cache key generated: /auth.com.absurd.rick.controller.AuthController.createAuthenticationToken.DefaultGenericTypeNamingStrategy
[06-15 17:56:27.920][main] INFO  springfox.documentation.spring.web.caching.CachingAspect[operationsAndProperties] - Caching aspect applied for cache operations with key /auth.com.absurd.rick.controller.AuthController.createAuthenticationToken.DefaultGenericTypeNamingStrategy
[06-15 17:56:27.965][main] INFO  springfox.documentation.swagger.web.ClassOrApiAnnotationResourceGrouping[apply] - Group for method createAuthenticationToken was auth-controller
[06-15 17:56:27.971][main] INFO  springfox.documentation.swagger.web.ClassOrApiAnnotationResourceGrouping[apply] - Group for method createAuthenticationToken was auth-controller
[06-15 17:56:27.998][main] INFO  springfox.documentation.schema.ModelContextKeyGenerator[generate] - Cache Key Generated: java.lang.Object(true)
[06-15 17:56:27.999][main] INFO  springfox.documentation.spring.web.caching.CachingAspect[modelsAndDependencies] - Caching aspect applied for cache models with key java.lang.Object(true)
[06-15 17:56:27.999][main] INFO  springfox.documentation.schema.ModelContextKeyGenerator[generate] - Cache Key Generated: java.lang.Object(true)
[06-15 17:56:28.000][main] INFO  springfox.documentation.spring.web.caching.CachingAspect[modelsAndDependencies] - Caching aspect applied for cache modelDependencies with key java.lang.Object(true)
[06-15 17:56:28.000][main] INFO  springfox.documentation.spring.web.OperationsKeyGenerator[generate] - Cache key generated: /refresh.com.absurd.rick.controller.AuthController.refreshAndGetAuthenticationToken.DefaultGenericTypeNamingStrategy
[06-15 17:56:28.000][main] INFO  springfox.documentation.spring.web.caching.CachingAspect[operationsAndProperties] - Caching aspect applied for cache operations with key /refresh.com.absurd.rick.controller.AuthController.refreshAndGetAuthenticationToken.DefaultGenericTypeNamingStrategy
[06-15 17:56:28.002][main] INFO  springfox.documentation.swagger.web.ClassOrApiAnnotationResourceGrouping[apply] - Group for method refreshAndGetAuthenticationToken was auth-controller
[06-15 17:56:28.021][main] INFO  springfox.documentation.swagger.web.ClassOrApiAnnotationResourceGrouping[apply] - Group for method refreshAndGetAuthenticationToken was auth-controller
[06-15 17:56:28.025][main] INFO  springfox.documentation.schema.ModelContextKeyGenerator[generate] - Cache Key Generated: com.absurd.rick.model.User(true)
[06-15 17:56:28.025][main] INFO  springfox.documentation.spring.web.caching.CachingAspect[modelsAndDependencies] - Caching aspect applied for cache models with key com.absurd.rick.model.User(true)
[06-15 17:56:28.027][main] INFO  springfox.documentation.schema.property.ModelPropertiesKeyGenerator[generate] - Cache key generated: com.absurd.rick.model.User(true)
[06-15 17:56:28.027][main] INFO  springfox.documentation.spring.web.caching.CachingAspect[operationsAndProperties] - Caching aspect applied for cache modelProperties with key com.absurd.rick.model.User(true)
[06-15 17:56:28.039][main] INFO  springfox.documentation.schema.ModelContextKeyGenerator[generate] - Cache Key Generated: com.absurd.rick.model.User(true)
[06-15 17:56:28.040][main] INFO  springfox.documentation.spring.web.caching.CachingAspect[modelsAndDependencies] - Caching aspect applied for cache modelDependencies with key com.absurd.rick.model.User(true)
[06-15 17:56:28.041][main] INFO  springfox.documentation.schema.property.ModelPropertiesKeyGenerator[generate] - Cache key generated: com.absurd.rick.model.User(true)
[06-15 17:56:28.042][main] INFO  springfox.documentation.spring.web.caching.CachingAspect[operationsAndProperties] - Caching aspect applied for cache modelProperties with key com.absurd.rick.model.User(true)
[06-15 17:56:28.043][main] INFO  springfox.documentation.schema.ModelContextKeyGenerator[generate] - Cache Key Generated: com.absurd.rick.param.UserRegisterParam(false)
[06-15 17:56:28.045][main] INFO  springfox.documentation.spring.web.caching.CachingAspect[modelsAndDependencies] - Caching aspect applied for cache models with key com.absurd.rick.param.UserRegisterParam(false)
[06-15 17:56:28.045][main] INFO  springfox.documentation.schema.property.ModelPropertiesKeyGenerator[generate] - Cache key generated: com.absurd.rick.param.UserRegisterParam(false)
[06-15 17:56:28.046][main] INFO  springfox.documentation.spring.web.caching.CachingAspect[operationsAndProperties] - Caching aspect applied for cache modelProperties with key com.absurd.rick.param.UserRegisterParam(false)
[06-15 17:56:28.050][main] INFO  springfox.documentation.schema.ModelContextKeyGenerator[generate] - Cache Key Generated: com.absurd.rick.param.UserRegisterParam(false)
[06-15 17:56:28.050][main] INFO  springfox.documentation.spring.web.caching.CachingAspect[modelsAndDependencies] - Caching aspect applied for cache modelDependencies with key com.absurd.rick.param.UserRegisterParam(false)
[06-15 17:56:28.051][main] INFO  springfox.documentation.schema.property.ModelPropertiesKeyGenerator[generate] - Cache key generated: com.absurd.rick.param.UserRegisterParam(false)
[06-15 17:56:28.058][main] INFO  springfox.documentation.spring.web.caching.CachingAspect[operationsAndProperties] - Caching aspect applied for cache modelProperties with key com.absurd.rick.param.UserRegisterParam(false)
[06-15 17:56:28.060][main] INFO  springfox.documentation.spring.web.OperationsKeyGenerator[generate] - Cache key generated: /auth/register.com.absurd.rick.controller.AuthController.register.DefaultGenericTypeNamingStrategy
[06-15 17:56:28.061][main] INFO  springfox.documentation.spring.web.caching.CachingAspect[operationsAndProperties] - Caching aspect applied for cache operations with key /auth/register.com.absurd.rick.controller.AuthController.register.DefaultGenericTypeNamingStrategy
[06-15 17:56:28.066][main] INFO  springfox.documentation.swagger.web.ClassOrApiAnnotationResourceGrouping[apply] - Group for method register was auth-controller
[06-15 17:56:28.068][main] INFO  springfox.documentation.swagger.web.ClassOrApiAnnotationResourceGrouping[apply] - Group for method register was auth-controller
[06-15 17:56:28.138][main] INFO  springfox.documentation.schema.ModelContextKeyGenerator[generate] - Cache Key Generated: com.absurd.rick.model.Car(true)
[06-15 17:56:28.147][main] INFO  springfox.documentation.spring.web.caching.CachingAspect[modelsAndDependencies] - Caching aspect applied for cache models with key com.absurd.rick.model.Car(true)
[06-15 17:56:28.149][main] INFO  springfox.documentation.schema.property.ModelPropertiesKeyGenerator[generate] - Cache key generated: com.absurd.rick.model.Car(true)
[06-15 17:56:28.150][main] INFO  springfox.documentation.spring.web.caching.CachingAspect[operationsAndProperties] - Caching aspect applied for cache modelProperties with key com.absurd.rick.model.Car(true)
[06-15 17:56:28.190][main] INFO  springfox.documentation.schema.ModelContextKeyGenerator[generate] - Cache Key Generated: com.absurd.rick.model.Car(true)
[06-15 17:56:28.191][main] INFO  springfox.documentation.spring.web.caching.CachingAspect[modelsAndDependencies] - Caching aspect applied for cache modelDependencies with key com.absurd.rick.model.Car(true)
[06-15 17:56:28.192][main] INFO  springfox.documentation.schema.property.ModelPropertiesKeyGenerator[generate] - Cache key generated: com.absurd.rick.model.Car(true)
[06-15 17:56:28.193][main] INFO  springfox.documentation.spring.web.caching.CachingAspect[operationsAndProperties] - Caching aspect applied for cache modelProperties with key com.absurd.rick.model.Car(true)
[06-15 17:56:28.195][main] INFO  springfox.documentation.spring.web.OperationsKeyGenerator[generate] - Cache key generated: /car/{id}.com.absurd.rick.controller.CarController.getCarInfo.DefaultGenericTypeNamingStrategy
[06-15 17:56:28.197][main] INFO  springfox.documentation.spring.web.caching.CachingAspect[operationsAndProperties] - Caching aspect applied for cache operations with key /car/{id}.com.absurd.rick.controller.CarController.getCarInfo.DefaultGenericTypeNamingStrategy
[06-15 17:56:28.205][main] INFO  springfox.documentation.swagger.web.ClassOrApiAnnotationResourceGrouping[apply] - Group for method getCarInfo was car-controller
[06-15 17:56:28.236][main] INFO  springfox.documentation.swagger.web.ClassOrApiAnnotationResourceGrouping[apply] - Group for method getCarInfo was car-controller
[06-15 17:56:28.254][main] INFO  springfox.documentation.schema.ModelContextKeyGenerator[generate] - Cache Key Generated: com.absurd.rick.model.Car(true)
[06-15 17:56:28.255][main] INFO  springfox.documentation.spring.web.caching.CachingAspect[modelsAndDependencies] - Caching aspect applied for cache models with key com.absurd.rick.model.Car(true)
[06-15 17:56:28.257][main] INFO  springfox.documentation.schema.ModelContextKeyGenerator[generate] - Cache Key Generated: com.absurd.rick.model.Car(true)
[06-15 17:56:28.260][main] INFO  springfox.documentation.spring.web.caching.CachingAspect[modelsAndDependencies] - Caching aspect applied for cache modelDependencies with key com.absurd.rick.model.Car(true)
[06-15 17:56:28.261][main] INFO  springfox.documentation.schema.ModelContextKeyGenerator[generate] - Cache Key Generated: com.absurd.rick.model.Car(false)
[06-15 17:56:28.261][main] INFO  springfox.documentation.spring.web.caching.CachingAspect[modelsAndDependencies] - Caching aspect applied for cache models with key com.absurd.rick.model.Car(false)
[06-15 17:56:28.265][main] INFO  springfox.documentation.schema.property.ModelPropertiesKeyGenerator[generate] - Cache key generated: com.absurd.rick.model.Car(false)
[06-15 17:56:28.267][main] INFO  springfox.documentation.spring.web.caching.CachingAspect[operationsAndProperties] - Caching aspect applied for cache modelProperties with key com.absurd.rick.model.Car(false)
[06-15 17:56:28.280][main] INFO  springfox.documentation.schema.ModelContextKeyGenerator[generate] - Cache Key Generated: com.absurd.rick.model.Car(false)
[06-15 17:56:28.280][main] INFO  springfox.documentation.spring.web.caching.CachingAspect[modelsAndDependencies] - Caching aspect applied for cache modelDependencies with key com.absurd.rick.model.Car(false)
[06-15 17:56:28.281][main] INFO  springfox.documentation.schema.property.ModelPropertiesKeyGenerator[generate] - Cache key generated: com.absurd.rick.model.Car(false)
[06-15 17:56:28.281][main] INFO  springfox.documentation.spring.web.caching.CachingAspect[operationsAndProperties] - Caching aspect applied for cache modelProperties with key com.absurd.rick.model.Car(false)
[06-15 17:56:28.282][main] INFO  springfox.documentation.spring.web.OperationsKeyGenerator[generate] - Cache key generated: /car.com.absurd.rick.controller.CarController.saveCarInfo.DefaultGenericTypeNamingStrategy
[06-15 17:56:28.282][main] INFO  springfox.documentation.spring.web.caching.CachingAspect[operationsAndProperties] - Caching aspect applied for cache operations with key /car.com.absurd.rick.controller.CarController.saveCarInfo.DefaultGenericTypeNamingStrategy
[06-15 17:56:28.284][main] INFO  springfox.documentation.swagger.web.ClassOrApiAnnotationResourceGrouping[apply] - Group for method saveCarInfo was car-controller
[06-15 17:56:28.285][main] INFO  springfox.documentation.swagger.web.ClassOrApiAnnotationResourceGrouping[apply] - Group for method saveCarInfo was car-controller
[06-15 17:56:28.287][main] INFO  springfox.documentation.schema.ModelContextKeyGenerator[generate] - Cache Key Generated: com.absurd.rick.model.Car(true)
[06-15 17:56:28.288][main] INFO  springfox.documentation.spring.web.caching.CachingAspect[modelsAndDependencies] - Caching aspect applied for cache models with key com.absurd.rick.model.Car(true)
[06-15 17:56:28.288][main] INFO  springfox.documentation.schema.ModelContextKeyGenerator[generate] - Cache Key Generated: com.absurd.rick.model.Car(true)
[06-15 17:56:28.289][main] INFO  springfox.documentation.spring.web.caching.CachingAspect[modelsAndDependencies] - Caching aspect applied for cache modelDependencies with key com.absurd.rick.model.Car(true)
[06-15 17:56:28.289][main] INFO  springfox.documentation.schema.ModelContextKeyGenerator[generate] - Cache Key Generated: com.absurd.rick.model.Car(false)
[06-15 17:56:28.290][main] INFO  springfox.documentation.spring.web.caching.CachingAspect[modelsAndDependencies] - Caching aspect applied for cache models with key com.absurd.rick.model.Car(false)
[06-15 17:56:28.290][main] INFO  springfox.documentation.schema.ModelContextKeyGenerator[generate] - Cache Key Generated: com.absurd.rick.model.Car(false)
[06-15 17:56:28.290][main] INFO  springfox.documentation.spring.web.caching.CachingAspect[modelsAndDependencies] - Caching aspect applied for cache modelDependencies with key com.absurd.rick.model.Car(false)
[06-15 17:56:28.291][main] INFO  springfox.documentation.spring.web.OperationsKeyGenerator[generate] - Cache key generated: /car/{id}.com.absurd.rick.controller.CarController.updateCarInfo.DefaultGenericTypeNamingStrategy
[06-15 17:56:28.291][main] INFO  springfox.documentation.spring.web.caching.CachingAspect[operationsAndProperties] - Caching aspect applied for cache operations with key /car/{id}.com.absurd.rick.controller.CarController.updateCarInfo.DefaultGenericTypeNamingStrategy
[06-15 17:56:28.296][main] INFO  springfox.documentation.swagger.web.ClassOrApiAnnotationResourceGrouping[apply] - Group for method updateCarInfo was car-controller
[06-15 17:56:28.297][main] INFO  springfox.documentation.swagger.web.ClassOrApiAnnotationResourceGrouping[apply] - Group for method updateCarInfo was car-controller
[06-15 17:56:28.336][main] INFO  org.apache.coyote.http11.Http11NioProtocol[log] - Initializing ProtocolHandler ["http-nio-8080"]
[06-15 17:56:28.389][main] INFO  org.apache.coyote.http11.Http11NioProtocol[log] - Starting ProtocolHandler ["http-nio-8080"]
[06-15 17:56:28.416][main] INFO  org.apache.tomcat.util.net.NioSelectorPool[log] - Using a shared selector for servlet write/read
[06-15 17:56:28.456][main] INFO  org.springframework.boot.context.embedded.tomcat.TomcatEmbeddedServletContainer[start] - Tomcat started on port(s): 8080 (http)
[06-15 17:56:28.474][main] INFO  com.absurd.rick.SpringBootMybatisWithRedisApplication[logStarted] - Started SpringBootMybatisWithRedisApplication in 17.837 seconds (JVM running for 18.942)
[06-15 17:56:52.271][main] INFO  com.absurd.rick.CarControllerTest[logStarting] - Starting CarControllerTest on wangwenweideMacBook-Pro.local with PID 13534 (started by wangwenwei in /Users/wangwenwei/IdeaProjects/Rick)
[06-15 17:56:52.274][main] INFO  com.absurd.rick.CarControllerTest[logStartupProfileInfo] - The following profiles are active: test
[06-15 17:56:52.317][main] INFO  org.springframework.boot.context.embedded.AnnotationConfigEmbeddedWebApplicationContext[prepareRefresh] - Refreshing org.springframework.boot.context.embedded.AnnotationConfigEmbeddedWebApplicationContext@841e575: startup date [Thu Jun 15 17:56:52 CST 2017]; root of context hierarchy
[06-15 17:56:53.256][http-nio-8080-exec-1] INFO  org.apache.catalina.core.ContainerBase.[Tomcat].[localhost].[/][log] - Initializing Spring FrameworkServlet 'dispatcherServlet'
[06-15 17:56:53.257][http-nio-8080-exec-1] INFO  org.springframework.web.servlet.DispatcherServlet[initServletBean] - FrameworkServlet 'dispatcherServlet': initialization started
[06-15 17:56:53.363][http-nio-8080-exec-1] INFO  org.springframework.web.servlet.DispatcherServlet[initServletBean] - FrameworkServlet 'dispatcherServlet': initialization completed in 106 ms
[06-15 17:56:53.558][background-preinit] INFO  org.hibernate.validator.internal.util.Version[<clinit>] - HV000001: Hibernate Validator 5.3.5.Final
[06-15 17:56:54.107][http-nio-8080-exec-1] INFO  com.alibaba.druid.pool.DruidDataSource[init] - {dataSource-1} inited
[06-15 17:56:56.389][main] INFO  org.springframework.data.repository.config.RepositoryConfigurationDelegate[multipleStoresDetected] - Multiple Spring Data modules found, entering strict repository configuration mode!
[06-15 17:56:56.613][main] INFO  org.springframework.beans.factory.support.DefaultListableBeanFactory[registerBeanDefinition] - Overriding bean definition for bean 'characterEncodingFilter' with a different definition: replacing [Root bean: class [null]; scope=; abstract=false; lazyInit=false; autowireMode=3; dependencyCheck=0; autowireCandidate=true; primary=false; factoryBeanName=webMvcConfiguration; factoryMethodName=characterEncodingFilter; initMethodName=null; destroyMethodName=(inferred); defined in class path resource [com/absurd/rick/config/WebMvcConfiguration.class]] with [Root bean: class [null]; scope=; abstract=false; lazyInit=false; autowireMode=3; dependencyCheck=0; autowireCandidate=true; primary=false; factoryBeanName=org.springframework.boot.autoconfigure.web.HttpEncodingAutoConfiguration; factoryMethodName=characterEncodingFilter; initMethodName=null; destroyMethodName=(inferred); defined in class path resource [org/springframework/boot/autoconfigure/web/HttpEncodingAutoConfiguration.class]]
[06-15 17:56:57.690][main] INFO  org.springframework.context.support.PostProcessorRegistrationDelegate$BeanPostProcessorChecker[postProcessAfterInitialization] - Bean 'org.springframework.transaction.annotation.ProxyTransactionManagementConfiguration' of type [org.springframework.transaction.annotation.ProxyTransactionManagementConfiguration$$EnhancerBySpringCGLIB$$445a25be] is not eligible for getting processed by all BeanPostProcessors (for example: not eligible for auto-proxying)
[06-15 17:56:58.155][main] INFO  org.springframework.context.support.PostProcessorRegistrationDelegate$BeanPostProcessorChecker[postProcessAfterInitialization] - Bean 'org.springframework.security.config.annotation.configuration.ObjectPostProcessorConfiguration' of type [org.springframework.security.config.annotation.configuration.ObjectPostProcessorConfiguration$$EnhancerBySpringCGLIB$$dd07edf8] is not eligible for getting processed by all BeanPostProcessors (for example: not eligible for auto-proxying)
[06-15 17:56:58.181][main] INFO  org.springframework.context.support.PostProcessorRegistrationDelegate$BeanPostProcessorChecker[postProcessAfterInitialization] - Bean 'objectPostProcessor' of type [org.springframework.security.config.annotation.configuration.AutowireBeanFactoryObjectPostProcessor] is not eligible for getting processed by all BeanPostProcessors (for example: not eligible for auto-proxying)
[06-15 17:56:58.193][main] INFO  org.springframework.context.support.PostProcessorRegistrationDelegate$BeanPostProcessorChecker[postProcessAfterInitialization] - Bean 'org.springframework.security.access.expression.method.DefaultMethodSecurityExpressionHandler@195580ba' of type [org.springframework.security.access.expression.method.DefaultMethodSecurityExpressionHandler] is not eligible for getting processed by all BeanPostProcessors (for example: not eligible for auto-proxying)
[06-15 17:56:58.211][main] INFO  org.springframework.context.support.PostProcessorRegistrationDelegate$BeanPostProcessorChecker[postProcessAfterInitialization] - Bean 'org.springframework.security.config.annotation.method.configuration.GlobalMethodSecurityConfiguration' of type [org.springframework.security.config.annotation.method.configuration.GlobalMethodSecurityConfiguration$$EnhancerBySpringCGLIB$$1dc90aa] is not eligible for getting processed by all BeanPostProcessors (for example: not eligible for auto-proxying)
[06-15 17:56:58.273][main] INFO  org.springframework.context.support.PostProcessorRegistrationDelegate$BeanPostProcessorChecker[postProcessAfterInitialization] - Bean 'methodSecurityMetadataSource' of type [org.springframework.security.access.method.DelegatingMethodSecurityMetadataSource] is not eligible for getting processed by all BeanPostProcessors (for example: not eligible for auto-proxying)
[06-15 17:56:59.566][http-nio-8080-exec-4] INFO  com.absurd.rick.base.CacheService[getObject] - get:null
[06-15 17:56:59.707][main] INFO  org.springframework.boot.context.embedded.tomcat.TomcatEmbeddedServletContainer[initialize] - Tomcat initialized with port(s): 0 (http)
[06-15 17:56:59.745][main] INFO  org.apache.catalina.core.StandardService[log] - Starting service Tomcat
[06-15 17:56:59.749][main] INFO  org.apache.catalina.core.StandardEngine[log] - Starting Servlet Engine: Apache Tomcat/8.5.14
[06-15 17:56:59.955][localhost-startStop-1] INFO  org.apache.catalina.core.ContainerBase.[Tomcat].[localhost].[/][log] - Initializing Spring embedded WebApplicationContext
[06-15 17:56:59.955][localhost-startStop-1] INFO  org.springframework.web.context.ContextLoader[prepareEmbeddedWebApplicationContext] - Root WebApplicationContext: initialization completed in 7638 ms
[06-15 17:57:01.290][http-nio-8080-exec-5] INFO  com.absurd.rick.base.CacheService[getObject] - get:{"brand":"阿斯顿马丁","carShortName":"阿斯顿","id":"c5aY1btjdx","name":"string","pictures":"string","price":0.0,"priceGuide":0.0,"registerDate":"string","shopCode":"string"}
[06-15 17:57:01.905][http-nio-8080-exec-6] INFO  com.absurd.rick.base.CacheService[getObject] - get:{"brand":"阿斯顿马丁","carShortName":"阿斯顿","id":"c5aY1btjdx","name":"string","pictures":"string","price":0.0,"priceGuide":0.0,"registerDate":"string","shopCode":"string"}
[06-15 17:57:02.331][http-nio-8080-exec-7] INFO  com.absurd.rick.base.CacheService[getObject] - get:{"brand":"阿斯顿马丁","carShortName":"阿斯顿","id":"c5aY1btjdx","name":"string","pictures":"string","price":0.0,"priceGuide":0.0,"registerDate":"string","shopCode":"string"}
[06-15 17:57:02.738][localhost-startStop-1] INFO  com.alibaba.druid.pool.DruidDataSource[init] - {dataSource-1} inited
[06-15 17:57:02.759][http-nio-8080-exec-8] INFO  com.absurd.rick.base.CacheService[getObject] - get:{"brand":"阿斯顿马丁","carShortName":"阿斯顿","id":"c5aY1btjdx","name":"string","pictures":"string","price":0.0,"priceGuide":0.0,"registerDate":"string","shopCode":"string"}
[06-15 17:57:02.927][http-nio-8080-exec-9] INFO  com.absurd.rick.base.CacheService[getObject] - get:{"brand":"阿斯顿马丁","carShortName":"阿斯顿","id":"c5aY1btjdx","name":"string","pictures":"string","price":0.0,"priceGuide":0.0,"registerDate":"string","shopCode":"string"}
[06-15 17:57:03.103][http-nio-8080-exec-10] INFO  com.absurd.rick.base.CacheService[getObject] - get:{"brand":"阿斯顿马丁","carShortName":"阿斯顿","id":"c5aY1btjdx","name":"string","pictures":"string","price":0.0,"priceGuide":0.0,"registerDate":"string","shopCode":"string"}
[06-15 17:57:03.332][localhost-startStop-1] INFO  org.springframework.jdbc.datasource.init.ScriptUtils[executeSqlScript] - Executing SQL script from class path resource [schema.sql]
[06-15 17:57:03.381][localhost-startStop-1] INFO  org.springframework.jdbc.datasource.init.ScriptUtils[executeSqlScript] - Executed SQL script from class path resource [schema.sql] in 49 ms.
[06-15 17:57:03.383][localhost-startStop-1] INFO  org.springframework.jdbc.datasource.init.ScriptUtils[executeSqlScript] - Executing SQL script from class path resource [data.sql]
[06-15 17:57:03.393][localhost-startStop-1] INFO  org.springframework.jdbc.datasource.init.ScriptUtils[executeSqlScript] - Executed SQL script from class path resource [data.sql] in 10 ms.
[06-15 17:57:03.890][localhost-startStop-1] INFO  org.springframework.boot.web.servlet.FilterRegistrationBean[configure] - Mapping filter: 'characterEncodingFilter' to: [/*]
[06-15 17:57:03.893][localhost-startStop-1] INFO  org.springframework.boot.web.servlet.DelegatingFilterProxyRegistrationBean[configure] - Mapping filter: 'springSecurityFilterChain' to: [/*]
[06-15 17:57:03.894][localhost-startStop-1] INFO  org.springframework.boot.web.servlet.FilterRegistrationBean[configure] - Mapping filter: 'webStatFilter' to urls: [/*]
[06-15 17:57:03.894][localhost-startStop-1] INFO  org.springframework.boot.web.servlet.FilterRegistrationBean[configure] - Mapping filter: 'authenticationTokenFilterBean' to: [/*]
[06-15 17:57:03.894][localhost-startStop-1] INFO  org.springframework.boot.web.servlet.ServletRegistrationBean[onStartup] - Mapping servlet: 'statViewServlet' to [/druid/*]
[06-15 17:57:03.897][localhost-startStop-1] INFO  org.springframework.boot.web.servlet.ServletRegistrationBean[onStartup] - Mapping servlet: 'dispatcherServlet' to [/]
[06-15 17:57:09.364][main] INFO  org.springframework.web.servlet.mvc.method.annotation.RequestMappingHandlerMapping[register] - Mapped "{[/auth/register],methods=[POST]}" onto public com.absurd.rick.model.User com.absurd.rick.controller.AuthController.register(com.absurd.rick.param.UserRegisterParam) throws org.springframework.security.core.AuthenticationException
[06-15 17:57:09.366][main] INFO  org.springframework.web.servlet.mvc.method.annotation.RequestMappingHandlerMapping[register] - Mapped "{[/auth],methods=[POST]}" onto public org.springframework.http.ResponseEntity<?> com.absurd.rick.controller.AuthController.createAuthenticationToken(com.absurd.rick.param.UserAuthParam) throws org.springframework.security.core.AuthenticationException
[06-15 17:57:09.368][main] INFO  org.springframework.web.servlet.mvc.method.annotation.RequestMappingHandlerMapping[register] - Mapped "{[/refresh],methods=[GET]}" onto public org.springframework.http.ResponseEntity<?> com.absurd.rick.controller.AuthController.refreshAndGetAuthenticationToken(javax.servlet.http.HttpServletRequest) throws org.springframework.security.core.AuthenticationException
[06-15 17:57:09.379][main] INFO  org.springframework.web.servlet.mvc.method.annotation.RequestMappingHandlerMapping[register] - Mapped "{[/car/{id}],methods=[GET]}" onto public com.absurd.rick.model.Car com.absurd.rick.controller.CarController.getCarInfo(java.lang.String)
[06-15 17:57:09.382][main] INFO  org.springframework.web.servlet.mvc.method.annotation.RequestMappingHandlerMapping[register] - Mapped "{[/car/{id}],methods=[PUT]}" onto public com.absurd.rick.model.Car com.absurd.rick.controller.CarController.updateCarInfo(java.lang.String,com.absurd.rick.model.Car)
[06-15 17:57:09.385][main] INFO  org.springframework.web.servlet.mvc.method.annotation.RequestMappingHandlerMapping[register] - Mapped "{[/car],methods=[POST]}" onto public com.absurd.rick.model.Car com.absurd.rick.controller.CarController.saveCarInfo(com.absurd.rick.model.Car)
[06-15 17:57:09.388][main] INFO  org.springframework.web.servlet.mvc.method.annotation.RequestMappingHandlerMapping[register] - Mapped "{[/v2/api-docs],methods=[GET]}" onto public org.springframework.http.ResponseEntity<springfox.documentation.spring.web.json.Json> springfox.documentation.swagger2.web.Swagger2Controller.getDocumentation(java.lang.String)
[06-15 17:57:09.393][main] INFO  org.springframework.web.servlet.mvc.method.annotation.RequestMappingHandlerMapping[register] - Mapped "{[/configuration/security]}" onto org.springframework.http.ResponseEntity<springfox.documentation.swagger.web.SecurityConfiguration> springfox.documentation.swagger.web.ApiResourceController.securityConfiguration()
[06-15 17:57:09.394][main] INFO  org.springframework.web.servlet.mvc.method.annotation.RequestMappingHandlerMapping[register] - Mapped "{[/configuration/ui]}" onto org.springframework.http.ResponseEntity<springfox.documentation.swagger.web.UiConfiguration> springfox.documentation.swagger.web.ApiResourceController.uiConfiguration()
[06-15 17:57:09.395][main] INFO  org.springframework.web.servlet.mvc.method.annotation.RequestMappingHandlerMapping[register] - Mapped "{[/swagger-resources]}" onto org.springframework.http.ResponseEntity<java.util.List<springfox.documentation.swagger.web.SwaggerResource>> springfox.documentation.swagger.web.ApiResourceController.swaggerResources()
[06-15 17:57:09.403][main] INFO  org.springframework.web.servlet.mvc.method.annotation.RequestMappingHandlerMapping[register] - Mapped "{[/error]}" onto public org.springframework.http.ResponseEntity<java.util.Map<java.lang.String, java.lang.Object>> org.springframework.boot.autoconfigure.web.BasicErrorController.error(javax.servlet.http.HttpServletRequest)
[06-15 17:57:09.404][main] INFO  org.springframework.web.servlet.mvc.method.annotation.RequestMappingHandlerMapping[register] - Mapped "{[/error],produces=[text/html]}" onto public org.springframework.web.servlet.ModelAndView org.springframework.boot.autoconfigure.web.BasicErrorController.errorHtml(javax.servlet.http.HttpServletRequest,javax.servlet.http.HttpServletResponse)
[06-15 17:57:10.172][main] INFO  org.springframework.web.servlet.handler.SimpleUrlHandlerMapping[registerHandler] - Mapped URL path [/**] onto handler of type [class org.springframework.web.servlet.resource.DefaultServletHttpRequestHandler]
[06-15 17:57:10.618][main] INFO  org.springframework.web.servlet.mvc.method.annotation.RequestMappingHandlerAdapter[initControllerAdviceCache] - Looking for @ControllerAdvice: org.springframework.boot.context.embedded.AnnotationConfigEmbeddedWebApplicationContext@841e575: startup date [Thu Jun 15 17:56:52 CST 2017]; root of context hierarchy
[06-15 17:57:10.626][main] INFO  org.springframework.web.servlet.mvc.method.annotation.RequestMappingHandlerAdapter[initControllerAdviceCache] - Detected ResponseBodyAdvice bean in jsonpAdvice
[06-15 17:57:10.845][main] INFO  org.springframework.web.servlet.mvc.method.annotation.ExceptionHandlerExceptionResolver[initExceptionHandlerAdviceCache] - Detected ResponseBodyAdvice implementation in jsonpAdvice
[06-15 17:57:11.534][main] INFO  org.springframework.security.web.DefaultSecurityFilterChain[<init>] - Creating filter chain: org.springframework.security.web.util.matcher.AnyRequestMatcher@1, [org.springframework.security.web.context.request.async.WebAsyncManagerIntegrationFilter@24731caf, org.springframework.security.web.context.SecurityContextPersistenceFilter@581e8969, org.springframework.security.web.header.HeaderWriterFilter@2212e291, org.springframework.security.web.authentication.logout.LogoutFilter@48751d8a, com.absurd.rick.filter.JwtAuthenticationTokenFilter@15ec9939, org.springframework.security.web.savedrequest.RequestCacheAwareFilter@2651e783, org.springframework.security.web.servletapi.SecurityContextHolderAwareRequestFilter@1405aa6a, org.springframework.security.web.authentication.AnonymousAuthenticationFilter@6e1ad658, org.springframework.security.web.session.SessionManagementFilter@5a35ae82, org.springframework.security.web.access.ExceptionTranslationFilter@359fa722, org.springframework.security.web.access.intercept.FilterSecurityInterceptor@178c6261]
[06-15 17:57:13.114][main] INFO  springfox.documentation.spring.web.plugins.DocumentationPluginsBootstrapper[onApplicationEvent] - Context refreshed
[06-15 17:57:13.157][main] INFO  springfox.documentation.spring.web.plugins.DocumentationPluginsBootstrapper[onApplicationEvent] - Found {0} custom documentation plugin(s)
[06-15 17:57:13.175][main] INFO  springfox.documentation.spring.web.scanners.ApiListingReferenceScanner[scan] - Scanning for api listing references
[06-15 17:57:13.189][main] INFO  springfox.documentation.swagger.web.ClassOrApiAnnotationResourceGrouping[apply] - Group for method register was auth-controller
[06-15 17:57:13.198][main] INFO  springfox.documentation.spring.web.scanners.ApiListingReferenceScanner[scan] - Request mapping: register belongs to groups: [[ResourceGroup{groupName='auth-controller', position=0, controller=com.absurd.rick.controller.AuthController}]] 
[06-15 17:57:13.200][main] INFO  springfox.documentation.swagger.web.ClassOrApiAnnotationResourceGrouping[apply] - Group for method createAuthenticationToken was auth-controller
[06-15 17:57:13.200][main] INFO  springfox.documentation.spring.web.scanners.ApiListingReferenceScanner[scan] - Request mapping: createAuthenticationToken belongs to groups: [[ResourceGroup{groupName='auth-controller', position=0, controller=com.absurd.rick.controller.AuthController}]] 
[06-15 17:57:13.201][main] INFO  springfox.documentation.swagger.web.ClassOrApiAnnotationResourceGrouping[apply] - Group for method getCarInfo was car-controller
[06-15 17:57:13.202][main] INFO  springfox.documentation.spring.web.scanners.ApiListingReferenceScanner[scan] - Request mapping: getCarInfo belongs to groups: [[ResourceGroup{groupName='car-controller', position=0, controller=com.absurd.rick.controller.CarController}]] 
[06-15 17:57:13.203][main] INFO  springfox.documentation.swagger.web.ClassOrApiAnnotationResourceGrouping[apply] - Group for method updateCarInfo was car-controller
[06-15 17:57:13.203][main] INFO  springfox.documentation.spring.web.scanners.ApiListingReferenceScanner[scan] - Request mapping: updateCarInfo belongs to groups: [[ResourceGroup{groupName='car-controller', position=0, controller=com.absurd.rick.controller.CarController}]] 
[06-15 17:57:13.205][main] INFO  springfox.documentation.swagger.web.ClassOrApiAnnotationResourceGrouping[apply] - Group for method saveCarInfo was car-controller
[06-15 17:57:13.205][main] INFO  springfox.documentation.spring.web.scanners.ApiListingReferenceScanner[scan] - Request mapping: saveCarInfo belongs to groups: [[ResourceGroup{groupName='car-controller', position=0, controller=com.absurd.rick.controller.CarController}]] 
[06-15 17:57:13.206][main] INFO  springfox.documentation.swagger.web.ClassOrApiAnnotationResourceGrouping[apply] - Group for method refreshAndGetAuthenticationToken was auth-controller
[06-15 17:57:13.206][main] INFO  springfox.documentation.spring.web.scanners.ApiListingReferenceScanner[scan] - Request mapping: refreshAndGetAuthenticationToken belongs to groups: [[ResourceGroup{groupName='auth-controller', position=0, controller=com.absurd.rick.controller.AuthController}]] 
[06-15 17:57:13.216][main] INFO  springfox.documentation.spring.web.scanners.ApiListingReferenceScanner[scan] - Created resource listing Path: /default/car-controller Description: car-controller Position: 0
[06-15 17:57:13.218][main] INFO  springfox.documentation.spring.web.scanners.ApiListingReferenceScanner[scan] - Created resource listing Path: /default/auth-controller Description: auth-controller Position: 0
[06-15 17:57:13.257][main] INFO  springfox.documentation.schema.ModelContextKeyGenerator[generate] - Cache Key Generated: java.lang.Object(true)
[06-15 17:57:13.257][main] INFO  springfox.documentation.spring.web.caching.CachingAspect[modelsAndDependencies] - Caching aspect applied for cache models with key java.lang.Object(true)
[06-15 17:57:13.275][main] INFO  springfox.documentation.schema.ModelContextKeyGenerator[generate] - Cache Key Generated: java.lang.Object(true)
[06-15 17:57:13.275][main] INFO  springfox.documentation.spring.web.caching.CachingAspect[modelsAndDependencies] - Caching aspect applied for cache modelDependencies with key java.lang.Object(true)
[06-15 17:57:13.284][main] INFO  springfox.documentation.schema.ModelContextKeyGenerator[generate] - Cache Key Generated: com.absurd.rick.param.UserAuthParam(false)
[06-15 17:57:13.284][main] INFO  springfox.documentation.spring.web.caching.CachingAspect[modelsAndDependencies] - Caching aspect applied for cache models with key com.absurd.rick.param.UserAuthParam(false)
[06-15 17:57:13.286][main] INFO  springfox.documentation.schema.property.ModelPropertiesKeyGenerator[generate] - Cache key generated: com.absurd.rick.param.UserAuthParam(false)
[06-15 17:57:13.286][main] INFO  springfox.documentation.spring.web.caching.CachingAspect[operationsAndProperties] - Caching aspect applied for cache modelProperties with key com.absurd.rick.param.UserAuthParam(false)
[06-15 17:57:13.336][main] INFO  springfox.documentation.schema.ModelContextKeyGenerator[generate] - Cache Key Generated: com.absurd.rick.param.UserAuthParam(false)
[06-15 17:57:13.337][main] INFO  springfox.documentation.spring.web.caching.CachingAspect[modelsAndDependencies] - Caching aspect applied for cache modelDependencies with key com.absurd.rick.param.UserAuthParam(false)
[06-15 17:57:13.338][main] INFO  springfox.documentation.schema.property.ModelPropertiesKeyGenerator[generate] - Cache key generated: com.absurd.rick.param.UserAuthParam(false)
[06-15 17:57:13.338][main] INFO  springfox.documentation.spring.web.caching.CachingAspect[operationsAndProperties] - Caching aspect applied for cache modelProperties with key com.absurd.rick.param.UserAuthParam(false)
[06-15 17:57:13.343][main] INFO  springfox.documentation.spring.web.OperationsKeyGenerator[generate] - Cache key generated: /auth.com.absurd.rick.controller.AuthController.createAuthenticationToken.DefaultGenericTypeNamingStrategy
[06-15 17:57:13.344][main] INFO  springfox.documentation.spring.web.caching.CachingAspect[operationsAndProperties] - Caching aspect applied for cache operations with key /auth.com.absurd.rick.controller.AuthController.createAuthenticationToken.DefaultGenericTypeNamingStrategy
[06-15 17:57:13.373][main] INFO  springfox.documentation.swagger.web.ClassOrApiAnnotationResourceGrouping[apply] - Group for method createAuthenticationToken was auth-controller
[06-15 17:57:13.379][main] INFO  springfox.documentation.swagger.web.ClassOrApiAnnotationResourceGrouping[apply] - Group for method createAuthenticationToken was auth-controller
[06-15 17:57:13.393][main] INFO  springfox.documentation.schema.ModelContextKeyGenerator[generate] - Cache Key Generated: java.lang.Object(true)
[06-15 17:57:13.393][main] INFO  springfox.documentation.spring.web.caching.CachingAspect[modelsAndDependencies] - Caching aspect applied for cache models with key java.lang.Object(true)
[06-15 17:57:13.394][main] INFO  springfox.documentation.schema.ModelContextKeyGenerator[generate] - Cache Key Generated: java.lang.Object(true)
[06-15 17:57:13.412][main] INFO  springfox.documentation.spring.web.caching.CachingAspect[modelsAndDependencies] - Caching aspect applied for cache modelDependencies with key java.lang.Object(true)
[06-15 17:57:13.413][main] INFO  springfox.documentation.spring.web.OperationsKeyGenerator[generate] - Cache key generated: /refresh.com.absurd.rick.controller.AuthController.refreshAndGetAuthenticationToken.DefaultGenericTypeNamingStrategy
[06-15 17:57:13.413][main] INFO  springfox.documentation.spring.web.caching.CachingAspect[operationsAndProperties] - Caching aspect applied for cache operations with key /refresh.com.absurd.rick.controller.AuthController.refreshAndGetAuthenticationToken.DefaultGenericTypeNamingStrategy
[06-15 17:57:13.417][main] INFO  springfox.documentation.swagger.web.ClassOrApiAnnotationResourceGrouping[apply] - Group for method refreshAndGetAuthenticationToken was auth-controller
[06-15 17:57:13.422][main] INFO  springfox.documentation.swagger.web.ClassOrApiAnnotationResourceGrouping[apply] - Group for method refreshAndGetAuthenticationToken was auth-controller
[06-15 17:57:13.426][main] INFO  springfox.documentation.schema.ModelContextKeyGenerator[generate] - Cache Key Generated: com.absurd.rick.model.User(true)
[06-15 17:57:13.427][main] INFO  springfox.documentation.spring.web.caching.CachingAspect[modelsAndDependencies] - Caching aspect applied for cache models with key com.absurd.rick.model.User(true)
[06-15 17:57:13.429][main] INFO  springfox.documentation.schema.property.ModelPropertiesKeyGenerator[generate] - Cache key generated: com.absurd.rick.model.User(true)
[06-15 17:57:13.429][main] INFO  springfox.documentation.spring.web.caching.CachingAspect[operationsAndProperties] - Caching aspect applied for cache modelProperties with key com.absurd.rick.model.User(true)
[06-15 17:57:13.434][main] INFO  springfox.documentation.schema.ModelContextKeyGenerator[generate] - Cache Key Generated: com.absurd.rick.model.User(true)
[06-15 17:57:13.435][main] INFO  springfox.documentation.spring.web.caching.CachingAspect[modelsAndDependencies] - Caching aspect applied for cache modelDependencies with key com.absurd.rick.model.User(true)
[06-15 17:57:13.435][main] INFO  springfox.documentation.schema.property.ModelPropertiesKeyGenerator[generate] - Cache key generated: com.absurd.rick.model.User(true)
[06-15 17:57:13.435][main] INFO  springfox.documentation.spring.web.caching.CachingAspect[operationsAndProperties] - Caching aspect applied for cache modelProperties with key com.absurd.rick.model.User(true)
[06-15 17:57:13.436][main] INFO  springfox.documentation.schema.ModelContextKeyGenerator[generate] - Cache Key Generated: com.absurd.rick.param.UserRegisterParam(false)
[06-15 17:57:13.436][main] INFO  springfox.documentation.spring.web.caching.CachingAspect[modelsAndDependencies] - Caching aspect applied for cache models with key com.absurd.rick.param.UserRegisterParam(false)
[06-15 17:57:13.437][main] INFO  springfox.documentation.schema.property.ModelPropertiesKeyGenerator[generate] - Cache key generated: com.absurd.rick.param.UserRegisterParam(false)
[06-15 17:57:13.438][main] INFO  springfox.documentation.spring.web.caching.CachingAspect[operationsAndProperties] - Caching aspect applied for cache modelProperties with key com.absurd.rick.param.UserRegisterParam(false)
[06-15 17:57:13.441][main] INFO  springfox.documentation.schema.ModelContextKeyGenerator[generate] - Cache Key Generated: com.absurd.rick.param.UserRegisterParam(false)
[06-15 17:57:13.442][main] INFO  springfox.documentation.spring.web.caching.CachingAspect[modelsAndDependencies] - Caching aspect applied for cache modelDependencies with key com.absurd.rick.param.UserRegisterParam(false)
[06-15 17:57:13.442][main] INFO  springfox.documentation.schema.property.ModelPropertiesKeyGenerator[generate] - Cache key generated: com.absurd.rick.param.UserRegisterParam(false)
[06-15 17:57:13.446][main] INFO  springfox.documentation.spring.web.caching.CachingAspect[operationsAndProperties] - Caching aspect applied for cache modelProperties with key com.absurd.rick.param.UserRegisterParam(false)
[06-15 17:57:13.448][main] INFO  springfox.documentation.spring.web.OperationsKeyGenerator[generate] - Cache key generated: /auth/register.com.absurd.rick.controller.AuthController.register.DefaultGenericTypeNamingStrategy
[06-15 17:57:13.448][main] INFO  springfox.documentation.spring.web.caching.CachingAspect[operationsAndProperties] - Caching aspect applied for cache operations with key /auth/register.com.absurd.rick.controller.AuthController.register.DefaultGenericTypeNamingStrategy
[06-15 17:57:13.452][main] INFO  springfox.documentation.swagger.web.ClassOrApiAnnotationResourceGrouping[apply] - Group for method register was auth-controller
[06-15 17:57:13.453][main] INFO  springfox.documentation.swagger.web.ClassOrApiAnnotationResourceGrouping[apply] - Group for method register was auth-controller
[06-15 17:57:13.487][main] INFO  springfox.documentation.schema.ModelContextKeyGenerator[generate] - Cache Key Generated: com.absurd.rick.model.Car(true)
[06-15 17:57:13.488][main] INFO  springfox.documentation.spring.web.caching.CachingAspect[modelsAndDependencies] - Caching aspect applied for cache models with key com.absurd.rick.model.Car(true)
[06-15 17:57:13.488][main] INFO  springfox.documentation.schema.property.ModelPropertiesKeyGenerator[generate] - Cache key generated: com.absurd.rick.model.Car(true)
[06-15 17:57:13.489][main] INFO  springfox.documentation.spring.web.caching.CachingAspect[operationsAndProperties] - Caching aspect applied for cache modelProperties with key com.absurd.rick.model.Car(true)
[06-15 17:57:13.515][main] INFO  springfox.documentation.schema.ModelContextKeyGenerator[generate] - Cache Key Generated: com.absurd.rick.model.Car(true)
[06-15 17:57:13.515][main] INFO  springfox.documentation.spring.web.caching.CachingAspect[modelsAndDependencies] - Caching aspect applied for cache modelDependencies with key com.absurd.rick.model.Car(true)
[06-15 17:57:13.518][main] INFO  springfox.documentation.schema.property.ModelPropertiesKeyGenerator[generate] - Cache key generated: com.absurd.rick.model.Car(true)
[06-15 17:57:13.519][main] INFO  springfox.documentation.spring.web.caching.CachingAspect[operationsAndProperties] - Caching aspect applied for cache modelProperties with key com.absurd.rick.model.Car(true)
[06-15 17:57:13.519][main] INFO  springfox.documentation.spring.web.OperationsKeyGenerator[generate] - Cache key generated: /car/{id}.com.absurd.rick.controller.CarController.getCarInfo.DefaultGenericTypeNamingStrategy
[06-15 17:57:13.520][main] INFO  springfox.documentation.spring.web.caching.CachingAspect[operationsAndProperties] - Caching aspect applied for cache operations with key /car/{id}.com.absurd.rick.controller.CarController.getCarInfo.DefaultGenericTypeNamingStrategy
[06-15 17:57:13.523][main] INFO  springfox.documentation.swagger.web.ClassOrApiAnnotationResourceGrouping[apply] - Group for method getCarInfo was car-controller
[06-15 17:57:13.528][main] INFO  springfox.documentation.swagger.web.ClassOrApiAnnotationResourceGrouping[apply] - Group for method getCarInfo was car-controller
[06-15 17:57:13.534][main] INFO  springfox.documentation.schema.ModelContextKeyGenerator[generate] - Cache Key Generated: com.absurd.rick.model.Car(true)
[06-15 17:57:13.534][main] INFO  springfox.documentation.spring.web.caching.CachingAspect[modelsAndDependencies] - Caching aspect applied for cache models with key com.absurd.rick.model.Car(true)
[06-15 17:57:13.535][main] INFO  springfox.documentation.schema.ModelContextKeyGenerator[generate] - Cache Key Generated: com.absurd.rick.model.Car(true)
[06-15 17:57:13.535][main] INFO  springfox.documentation.spring.web.caching.CachingAspect[modelsAndDependencies] - Caching aspect applied for cache modelDependencies with key com.absurd.rick.model.Car(true)
[06-15 17:57:13.536][main] INFO  springfox.documentation.schema.ModelContextKeyGenerator[generate] - Cache Key Generated: com.absurd.rick.model.Car(false)
[06-15 17:57:13.536][main] INFO  springfox.documentation.spring.web.caching.CachingAspect[modelsAndDependencies] - Caching aspect applied for cache models with key com.absurd.rick.model.Car(false)
[06-15 17:57:13.537][main] INFO  springfox.documentation.schema.property.ModelPropertiesKeyGenerator[generate] - Cache key generated: com.absurd.rick.model.Car(false)
[06-15 17:57:13.537][main] INFO  springfox.documentation.spring.web.caching.CachingAspect[operationsAndProperties] - Caching aspect applied for cache modelProperties with key com.absurd.rick.model.Car(false)
[06-15 17:57:13.544][main] INFO  springfox.documentation.schema.ModelContextKeyGenerator[generate] - Cache Key Generated: com.absurd.rick.model.Car(false)
[06-15 17:57:13.544][main] INFO  springfox.documentation.spring.web.caching.CachingAspect[modelsAndDependencies] - Caching aspect applied for cache modelDependencies with key com.absurd.rick.model.Car(false)
[06-15 17:57:13.545][main] INFO  springfox.documentation.schema.property.ModelPropertiesKeyGenerator[generate] - Cache key generated: com.absurd.rick.model.Car(false)
[06-15 17:57:13.545][main] INFO  springfox.documentation.spring.web.caching.CachingAspect[operationsAndProperties] - Caching aspect applied for cache modelProperties with key com.absurd.rick.model.Car(false)
[06-15 17:57:13.546][main] INFO  springfox.documentation.spring.web.OperationsKeyGenerator[generate] - Cache key generated: /car.com.absurd.rick.controller.CarController.saveCarInfo.DefaultGenericTypeNamingStrategy
[06-15 17:57:13.547][main] INFO  springfox.documentation.spring.web.caching.CachingAspect[operationsAndProperties] - Caching aspect applied for cache operations with key /car.com.absurd.rick.controller.CarController.saveCarInfo.DefaultGenericTypeNamingStrategy
[06-15 17:57:13.549][main] INFO  springfox.documentation.swagger.web.ClassOrApiAnnotationResourceGrouping[apply] - Group for method saveCarInfo was car-controller
[06-15 17:57:13.551][main] INFO  springfox.documentation.swagger.web.ClassOrApiAnnotationResourceGrouping[apply] - Group for method saveCarInfo was car-controller
[06-15 17:57:13.554][main] INFO  springfox.documentation.schema.ModelContextKeyGenerator[generate] - Cache Key Generated: com.absurd.rick.model.Car(true)
[06-15 17:57:13.554][main] INFO  springfox.documentation.spring.web.caching.CachingAspect[modelsAndDependencies] - Caching aspect applied for cache models with key com.absurd.rick.model.Car(true)
[06-15 17:57:13.555][main] INFO  springfox.documentation.schema.ModelContextKeyGenerator[generate] - Cache Key Generated: com.absurd.rick.model.Car(true)
[06-15 17:57:13.555][main] INFO  springfox.documentation.spring.web.caching.CachingAspect[modelsAndDependencies] - Caching aspect applied for cache modelDependencies with key com.absurd.rick.model.Car(true)
[06-15 17:57:13.556][main] INFO  springfox.documentation.schema.ModelContextKeyGenerator[generate] - Cache Key Generated: com.absurd.rick.model.Car(false)
[06-15 17:57:13.556][main] INFO  springfox.documentation.spring.web.caching.CachingAspect[modelsAndDependencies] - Caching aspect applied for cache models with key com.absurd.rick.model.Car(false)
[06-15 17:57:13.557][main] INFO  springfox.documentation.schema.ModelContextKeyGenerator[generate] - Cache Key Generated: com.absurd.rick.model.Car(false)
[06-15 17:57:13.557][main] INFO  springfox.documentation.spring.web.caching.CachingAspect[modelsAndDependencies] - Caching aspect applied for cache modelDependencies with key com.absurd.rick.model.Car(false)
[06-15 17:57:13.559][main] INFO  springfox.documentation.spring.web.OperationsKeyGenerator[generate] - Cache key generated: /car/{id}.com.absurd.rick.controller.CarController.updateCarInfo.DefaultGenericTypeNamingStrategy
[06-15 17:57:13.559][main] INFO  springfox.documentation.spring.web.caching.CachingAspect[operationsAndProperties] - Caching aspect applied for cache operations with key /car/{id}.com.absurd.rick.controller.CarController.updateCarInfo.DefaultGenericTypeNamingStrategy
[06-15 17:57:13.563][main] INFO  springfox.documentation.swagger.web.ClassOrApiAnnotationResourceGrouping[apply] - Group for method updateCarInfo was car-controller
[06-15 17:57:13.565][main] INFO  springfox.documentation.swagger.web.ClassOrApiAnnotationResourceGrouping[apply] - Group for method updateCarInfo was car-controller
[06-15 17:57:13.629][main] INFO  org.apache.coyote.http11.Http11NioProtocol[log] - Initializing ProtocolHandler ["http-nio-auto-1"]
[06-15 17:57:13.655][main] INFO  org.apache.coyote.http11.Http11NioProtocol[log] - Starting ProtocolHandler ["http-nio-auto-1"]
[06-15 17:57:13.687][main] INFO  org.apache.tomcat.util.net.NioSelectorPool[log] - Using a shared selector for servlet write/read
[06-15 17:57:13.773][main] INFO  org.springframework.boot.context.embedded.tomcat.TomcatEmbeddedServletContainer[start] - Tomcat started on port(s): 54105 (http)
[06-15 17:57:13.785][main] INFO  com.absurd.rick.CarControllerTest[logStarted] - Started CarControllerTest in 24.195 seconds (JVM running for 28.434)
[06-15 17:57:13.901][main] INFO  org.springframework.test.context.transaction.TransactionContext[startTransaction] - Began transaction (1) for test context [DefaultTestContext@4803b726 testClass = CarControllerTest, testInstance = com.absurd.rick.CarControllerTest@4dbb42b7, testMethod = test@CarControllerTest, testException = [null], mergedContextConfiguration = [WebMergedContextConfiguration@ffaa6af testClass = CarControllerTest, locations = '{}', classes = '{class com.absurd.rick.SpringBootMybatisWithRedisApplication}', contextInitializerClasses = '[]', activeProfiles = '{test}', propertySourceLocations = '{}', propertySourceProperties = '{org.springframework.boot.test.context.SpringBootTestContextBootstrapper=true, server.port=0}', contextCustomizers = set[org.springframework.boot.test.context.SpringBootTestContextCustomizer@6f96c77, org.springframework.boot.test.context.filter.ExcludeFilterContextCustomizer@49d904ec, org.springframework.boot.test.mock.mockito.MockitoContextCustomizer@0, org.springframework.boot.test.autoconfigure.properties.PropertyMappingContextCustomizer@0, org.springframework.boot.test.autoconfigure.web.servlet.WebDriverContextCustomizerFactory$Customizer@50b472aa], resourceBasePath = 'src/main/webapp', contextLoader = 'org.springframework.boot.test.context.SpringBootContextLoader', parent = [null]]]; transaction manager [org.springframework.jdbc.datasource.DataSourceTransactionManager@796e2187]; rollback [true]
[06-15 17:57:14.829][main] INFO  com.absurd.rick.BaseTest[skipSecurity] - eyJhbGciOiJIUzUxMiJ9.eyJzdWIiOiJ3d3ciLCJjcmVhdGVkIjoxNDk3NTIwNjM0MTQ3LCJleHAiOjE0OTgxMjU0MzR9.W6Fxp4Dx9BycnGCCx8Z51T0nRQiJOrcxSlhonJ2jFhyWFB9A5qVP2hTyWamVG6dbJ2Ejw0DsKMaCc77WBrYFhA
[06-15 17:57:15.040][http-nio-auto-1-exec-1] INFO  org.apache.catalina.core.ContainerBase.[Tomcat].[localhost].[/][log] - Initializing Spring FrameworkServlet 'dispatcherServlet'
[06-15 17:57:15.040][http-nio-auto-1-exec-1] INFO  org.springframework.web.servlet.DispatcherServlet[initServletBean] - FrameworkServlet 'dispatcherServlet': initialization started
[06-15 17:57:15.112][http-nio-auto-1-exec-1] INFO  org.springframework.web.servlet.DispatcherServlet[initServletBean] - FrameworkServlet 'dispatcherServlet': initialization completed in 72 ms
[06-15 17:57:15.175][http-nio-auto-1-exec-1] INFO  com.absurd.rick.filter.JwtAuthenticationTokenFilter[doFilterInternal] - checking authentication www
[06-15 17:57:15.187][http-nio-auto-1-exec-1] INFO  com.absurd.rick.filter.JwtAuthenticationTokenFilter[doFilterInternal] - authenticated user www, setting security context
[06-15 17:57:15.690][http-nio-auto-1-exec-1] INFO  com.absurd.rick.base.CacheService[getObject] - get:{"brand":"阿斯顿马丁","carShortName":"阿斯顿","id":"c5aY1btjdx","name":"string","pictures":"string","price":0.0,"priceGuide":0.0,"registerDate":"string","shopCode":"string"}
[06-15 17:57:16.070][http-nio-auto-1-exec-2] INFO  com.absurd.rick.filter.JwtAuthenticationTokenFilter[doFilterInternal] - checking authentication www
[06-15 17:57:16.076][http-nio-auto-1-exec-2] INFO  com.absurd.rick.filter.JwtAuthenticationTokenFilter[doFilterInternal] - authenticated user www, setting security context
[06-15 17:57:16.136][main] INFO  org.springframework.test.context.transaction.TransactionContext[endTransaction] - Rolled back transaction for test context [DefaultTestContext@4803b726 testClass = CarControllerTest, testInstance = com.absurd.rick.CarControllerTest@4dbb42b7, testMethod = test@CarControllerTest, testException = [null], mergedContextConfiguration = [WebMergedContextConfiguration@ffaa6af testClass = CarControllerTest, locations = '{}', classes = '{class com.absurd.rick.SpringBootMybatisWithRedisApplication}', contextInitializerClasses = '[]', activeProfiles = '{test}', propertySourceLocations = '{}', propertySourceProperties = '{org.springframework.boot.test.context.SpringBootTestContextBootstrapper=true, server.port=0}', contextCustomizers = set[org.springframework.boot.test.context.SpringBootTestContextCustomizer@6f96c77, org.springframework.boot.test.context.filter.ExcludeFilterContextCustomizer@49d904ec, org.springframework.boot.test.mock.mockito.MockitoContextCustomizer@0, org.springframework.boot.test.autoconfigure.properties.PropertyMappingContextCustomizer@0, org.springframework.boot.test.autoconfigure.web.servlet.WebDriverContextCustomizerFactory$Customizer@50b472aa], resourceBasePath = 'src/main/webapp', contextLoader = 'org.springframework.boot.test.context.SpringBootContextLoader', parent = [null]]].
[06-15 17:57:16.141][Thread-6] INFO  org.springframework.boot.context.embedded.AnnotationConfigEmbeddedWebApplicationContext[doClose] - Closing org.springframework.boot.context.embedded.AnnotationConfigEmbeddedWebApplicationContext@841e575: startup date [Thu Jun 15 17:56:52 CST 2017]; root of context hierarchy
[06-15 17:57:16.164][Thread-6] INFO  com.alibaba.druid.pool.DruidDataSource[close] - {dataSource-1} closed
[06-15 17:57:22.881][Thread-5] INFO  org.springframework.boot.context.embedded.AnnotationConfigEmbeddedWebApplicationContext[doClose] - Closing org.springframework.boot.context.embedded.AnnotationConfigEmbeddedWebApplicationContext@43c1b556: startup date [Thu Jun 15 17:56:12 CST 2017]; root of context hierarchy
[06-15 17:57:22.885][Thread-5] INFO  org.springframework.jmx.export.annotation.AnnotationMBeanExporter[destroy] - Unregistering JMX-exposed beans on shutdown
[06-15 17:57:22.888][Thread-5] INFO  org.springframework.jmx.export.annotation.AnnotationMBeanExporter[unregisterBeans] - Unregistering JMX-exposed beans
[06-15 17:57:22.904][Thread-5] INFO  com.alibaba.druid.pool.DruidDataSource[close] - {dataSource-1} closed
